[job-example]16/07/02 12:28:20.732 INFO  [main] org.springframework.web.context.ContextLoader(285) - Root WebApplicationContext: initialization started
[job-example]16/07/02 12:28:20.798 DEBUG [main] org.springframework.web.context.support.StandardServletEnvironment(108) - Adding [servletConfigInitParams] PropertySource with lowest search precedence
[job-example]16/07/02 12:28:20.798 DEBUG [main] org.springframework.web.context.support.StandardServletEnvironment(108) - Adding [servletContextInitParams] PropertySource with lowest search precedence
[job-example]16/07/02 12:28:20.804 DEBUG [main] org.springframework.web.context.support.StandardServletEnvironment(108) - Adding [jndiProperties] PropertySource with lowest search precedence
[job-example]16/07/02 12:28:20.805 DEBUG [main] org.springframework.web.context.support.StandardServletEnvironment(108) - Adding [systemProperties] PropertySource with lowest search precedence
[job-example]16/07/02 12:28:20.810 DEBUG [main] org.springframework.web.context.support.StandardServletEnvironment(108) - Adding [systemEnvironment] PropertySource with lowest search precedence
[job-example]16/07/02 12:28:20.811 DEBUG [main] org.springframework.web.context.support.StandardServletEnvironment(126) - Initialized StandardServletEnvironment with PropertySources [servletConfigInitParams,servletContextInitParams,jndiProperties,systemProperties,systemEnvironment]
[job-example]16/07/02 12:28:20.818 DEBUG [main] org.springframework.web.context.support.StandardServletEnvironment(173) - Replacing [servletContextInitParams] PropertySource with [servletContextInitParams]
[job-example]16/07/02 12:28:20.822 INFO  [main] org.springframework.web.context.support.XmlWebApplicationContext(512) - Refreshing Root WebApplicationContext: startup date [Sat Jul 02 12:28:20 CST 2016]; root of context hierarchy
[job-example]16/07/02 12:28:20.863 DEBUG [main] org.springframework.core.env.StandardEnvironment(108) - Adding [systemProperties] PropertySource with lowest search precedence
[job-example]16/07/02 12:28:20.863 DEBUG [main] org.springframework.core.env.StandardEnvironment(108) - Adding [systemEnvironment] PropertySource with lowest search precedence
[job-example]16/07/02 12:28:20.864 DEBUG [main] org.springframework.core.env.StandardEnvironment(126) - Initialized StandardEnvironment with PropertySources [systemProperties,systemEnvironment]
[job-example]16/07/02 12:28:20.875 DEBUG [main] org.springframework.core.io.support.PathMatchingResourcePatternResolver(553) - Looking for matching resources in directory tree [C:\workspace\job\job-example\target\classes]
[job-example]16/07/02 12:28:20.876 DEBUG [main] org.springframework.core.io.support.PathMatchingResourcePatternResolver(615) - Searching directory [C:\workspace\job\job-example\target\classes] for files matching pattern [C:/workspace/job/job-example/target/classes/applicationContext-*.xml]
[job-example]16/07/02 12:28:20.879 DEBUG [main] org.springframework.core.io.support.PathMatchingResourcePatternResolver(553) - Looking for matching resources in directory tree [C:\workspace\job\job-core\target\classes]
[job-example]16/07/02 12:28:20.880 DEBUG [main] org.springframework.core.io.support.PathMatchingResourcePatternResolver(615) - Searching directory [C:\workspace\job\job-core\target\classes] for files matching pattern [C:/workspace/job/job-core/target/classes/applicationContext-*.xml]
[job-example]16/07/02 12:28:20.880 DEBUG [main] org.springframework.core.io.support.PathMatchingResourcePatternResolver(354) - Resolved location pattern [classpath*:applicationContext-*.xml] to resources []
[job-example]16/07/02 12:28:20.881 DEBUG [main] org.springframework.beans.factory.xml.XmlBeanDefinitionReader(216) - Loaded 0 bean definitions from location pattern [classpath*:applicationContext-*.xml]
[job-example]16/07/02 12:28:20.881 DEBUG [main] org.springframework.core.io.support.PathMatchingResourcePatternResolver(354) - Resolved location pattern [classpath*:service/applicationContext-*.xml] to resources []
[job-example]16/07/02 12:28:20.882 DEBUG [main] org.springframework.beans.factory.xml.XmlBeanDefinitionReader(216) - Loaded 0 bean definitions from location pattern [classpath*:service/applicationContext-*.xml]
[job-example]16/07/02 12:28:20.882 DEBUG [main] org.springframework.web.context.support.XmlWebApplicationContext(542) - Bean factory for Root WebApplicationContext: org.springframework.beans.factory.support.DefaultListableBeanFactory@61b80d9b: defining beans []; root of factory hierarchy
[job-example]16/07/02 12:28:20.899 DEBUG [main] org.springframework.web.context.support.XmlWebApplicationContext(809) - Unable to locate MessageSource with name 'messageSource': using default [org.springframework.context.support.DelegatingMessageSource@4296e599]
[job-example]16/07/02 12:28:20.902 DEBUG [main] org.springframework.web.context.support.XmlWebApplicationContext(833) - Unable to locate ApplicationEventMulticaster with name 'applicationEventMulticaster': using default [org.springframework.context.event.SimpleApplicationEventMulticaster@3f9ab00e]
[job-example]16/07/02 12:28:20.905 DEBUG [main] org.springframework.ui.context.support.UiApplicationContextUtils(85) - Unable to locate ThemeSource with name 'themeSource': using default [org.springframework.ui.context.support.ResourceBundleThemeSource@84d6b1a]
[job-example]16/07/02 12:28:20.905 INFO  [main] org.springframework.beans.factory.support.DefaultListableBeanFactory(603) - Pre-instantiating singletons in org.springframework.beans.factory.support.DefaultListableBeanFactory@61b80d9b: defining beans []; root of factory hierarchy
[job-example]16/07/02 12:28:20.907 DEBUG [main] org.springframework.web.context.support.XmlWebApplicationContext(860) - Unable to locate LifecycleProcessor with name 'lifecycleProcessor': using default [org.springframework.context.support.DefaultLifecycleProcessor@7b4653a3]
[job-example]16/07/02 12:28:20.907 DEBUG [main] org.springframework.beans.factory.support.DefaultListableBeanFactory(243) - Returning cached instance of singleton bean 'lifecycleProcessor'
[job-example]16/07/02 12:28:20.909 DEBUG [main] org.springframework.core.env.PropertySourcesPropertyResolver(81) - Searching for key 'spring.liveBeansView.mbeanDomain' in [servletConfigInitParams]
[job-example]16/07/02 12:28:20.910 DEBUG [main] org.springframework.core.env.PropertySourcesPropertyResolver(81) - Searching for key 'spring.liveBeansView.mbeanDomain' in [servletContextInitParams]
[job-example]16/07/02 12:28:20.910 DEBUG [main] org.springframework.core.env.PropertySourcesPropertyResolver(81) - Searching for key 'spring.liveBeansView.mbeanDomain' in [jndiProperties]
[job-example]16/07/02 12:28:20.910 DEBUG [main] org.springframework.jndi.JndiTemplate(150) - Looking up JNDI object with name [java:comp/env/spring.liveBeansView.mbeanDomain]
[job-example]16/07/02 12:28:20.912 DEBUG [main] org.springframework.jndi.JndiLocatorDelegate(101) - Converted JNDI name [java:comp/env/spring.liveBeansView.mbeanDomain] not found - trying original name [spring.liveBeansView.mbeanDomain]. javax.naming.NoInitialContextException: Need to specify class name in environment or system property, or as an applet parameter, or in an application resource file:  java.naming.factory.initial
[job-example]16/07/02 12:28:20.913 DEBUG [main] org.springframework.jndi.JndiTemplate(150) - Looking up JNDI object with name [spring.liveBeansView.mbeanDomain]
[job-example]16/07/02 12:28:20.913 DEBUG [main] org.springframework.jndi.JndiPropertySource(90) - JNDI lookup for name [spring.liveBeansView.mbeanDomain] threw NamingException with message: Need to specify class name in environment or system property, or as an applet parameter, or in an application resource file:  java.naming.factory.initial. Returning null.
[job-example]16/07/02 12:28:20.914 DEBUG [main] org.springframework.core.env.PropertySourcesPropertyResolver(81) - Searching for key 'spring.liveBeansView.mbeanDomain' in [systemProperties]
[job-example]16/07/02 12:28:20.914 DEBUG [main] org.springframework.core.env.PropertySourcesPropertyResolver(81) - Searching for key 'spring.liveBeansView.mbeanDomain' in [systemEnvironment]
[job-example]16/07/02 12:28:20.915 DEBUG [main] org.springframework.core.env.PropertySourcesPropertyResolver(103) - Could not find key 'spring.liveBeansView.mbeanDomain' in any property source. Returning [null]
[job-example]16/07/02 12:28:20.915 DEBUG [main] org.springframework.web.context.ContextLoader(320) - Published root WebApplicationContext as ServletContext attribute with name [org.springframework.web.context.WebApplicationContext.ROOT]
[job-example]16/07/02 12:28:20.916 INFO  [main] org.springframework.web.context.ContextLoader(325) - Root WebApplicationContext: initialization completed in 182 ms
[job-example]16/07/02 12:29:08.236 INFO  [main] org.springframework.web.context.ContextLoader(285) - Root WebApplicationContext: initialization started
[job-example]16/07/02 12:29:08.292 DEBUG [main] org.springframework.web.context.support.StandardServletEnvironment(108) - Adding [servletConfigInitParams] PropertySource with lowest search precedence
[job-example]16/07/02 12:29:08.292 DEBUG [main] org.springframework.web.context.support.StandardServletEnvironment(108) - Adding [servletContextInitParams] PropertySource with lowest search precedence
[job-example]16/07/02 12:29:08.299 DEBUG [main] org.springframework.web.context.support.StandardServletEnvironment(108) - Adding [jndiProperties] PropertySource with lowest search precedence
[job-example]16/07/02 12:29:08.300 DEBUG [main] org.springframework.web.context.support.StandardServletEnvironment(108) - Adding [systemProperties] PropertySource with lowest search precedence
[job-example]16/07/02 12:29:08.304 DEBUG [main] org.springframework.web.context.support.StandardServletEnvironment(108) - Adding [systemEnvironment] PropertySource with lowest search precedence
[job-example]16/07/02 12:29:08.305 DEBUG [main] org.springframework.web.context.support.StandardServletEnvironment(126) - Initialized StandardServletEnvironment with PropertySources [servletConfigInitParams,servletContextInitParams,jndiProperties,systemProperties,systemEnvironment]
[job-example]16/07/02 12:29:08.310 DEBUG [main] org.springframework.web.context.support.StandardServletEnvironment(173) - Replacing [servletContextInitParams] PropertySource with [servletContextInitParams]
[job-example]16/07/02 12:29:08.313 INFO  [main] org.springframework.web.context.support.XmlWebApplicationContext(512) - Refreshing Root WebApplicationContext: startup date [Sat Jul 02 12:29:08 CST 2016]; root of context hierarchy
[job-example]16/07/02 12:29:08.347 DEBUG [main] org.springframework.core.env.StandardEnvironment(108) - Adding [systemProperties] PropertySource with lowest search precedence
[job-example]16/07/02 12:29:08.348 DEBUG [main] org.springframework.core.env.StandardEnvironment(108) - Adding [systemEnvironment] PropertySource with lowest search precedence
[job-example]16/07/02 12:29:08.348 DEBUG [main] org.springframework.core.env.StandardEnvironment(126) - Initialized StandardEnvironment with PropertySources [systemProperties,systemEnvironment]
[job-example]16/07/02 12:29:08.358 DEBUG [main] org.springframework.core.io.support.PathMatchingResourcePatternResolver(553) - Looking for matching resources in directory tree [C:\workspace\job\job-example\target\classes]
[job-example]16/07/02 12:29:08.359 DEBUG [main] org.springframework.core.io.support.PathMatchingResourcePatternResolver(615) - Searching directory [C:\workspace\job\job-example\target\classes] for files matching pattern [C:/workspace/job/job-example/target/classes/applicationContext-*.xml]
[job-example]16/07/02 12:29:08.363 DEBUG [main] org.springframework.core.io.support.PathMatchingResourcePatternResolver(553) - Looking for matching resources in directory tree [C:\workspace\job\job-core\target\classes]
[job-example]16/07/02 12:29:08.363 DEBUG [main] org.springframework.core.io.support.PathMatchingResourcePatternResolver(615) - Searching directory [C:\workspace\job\job-core\target\classes] for files matching pattern [C:/workspace/job/job-core/target/classes/applicationContext-*.xml]
[job-example]16/07/02 12:29:08.364 DEBUG [main] org.springframework.core.io.support.PathMatchingResourcePatternResolver(354) - Resolved location pattern [classpath*:applicationContext-*.xml] to resources []
[job-example]16/07/02 12:29:08.365 DEBUG [main] org.springframework.beans.factory.xml.XmlBeanDefinitionReader(216) - Loaded 0 bean definitions from location pattern [classpath*:applicationContext-*.xml]
[job-example]16/07/02 12:29:08.365 DEBUG [main] org.springframework.core.io.support.PathMatchingResourcePatternResolver(354) - Resolved location pattern [classpath*:service/applicationContext-*.xml] to resources []
[job-example]16/07/02 12:29:08.366 DEBUG [main] org.springframework.beans.factory.xml.XmlBeanDefinitionReader(216) - Loaded 0 bean definitions from location pattern [classpath*:service/applicationContext-*.xml]
[job-example]16/07/02 12:29:08.366 DEBUG [main] org.springframework.web.context.support.XmlWebApplicationContext(542) - Bean factory for Root WebApplicationContext: org.springframework.beans.factory.support.DefaultListableBeanFactory@39bde3d2: defining beans []; root of factory hierarchy
[job-example]16/07/02 12:29:08.382 DEBUG [main] org.springframework.web.context.support.XmlWebApplicationContext(809) - Unable to locate MessageSource with name 'messageSource': using default [org.springframework.context.support.DelegatingMessageSource@6063f5af]
[job-example]16/07/02 12:29:08.385 DEBUG [main] org.springframework.web.context.support.XmlWebApplicationContext(833) - Unable to locate ApplicationEventMulticaster with name 'applicationEventMulticaster': using default [org.springframework.context.event.SimpleApplicationEventMulticaster@563b100c]
[job-example]16/07/02 12:29:08.388 DEBUG [main] org.springframework.ui.context.support.UiApplicationContextUtils(85) - Unable to locate ThemeSource with name 'themeSource': using default [org.springframework.ui.context.support.ResourceBundleThemeSource@675ee9e3]
[job-example]16/07/02 12:29:08.389 INFO  [main] org.springframework.beans.factory.support.DefaultListableBeanFactory(603) - Pre-instantiating singletons in org.springframework.beans.factory.support.DefaultListableBeanFactory@39bde3d2: defining beans []; root of factory hierarchy
[job-example]16/07/02 12:29:08.391 DEBUG [main] org.springframework.web.context.support.XmlWebApplicationContext(860) - Unable to locate LifecycleProcessor with name 'lifecycleProcessor': using default [org.springframework.context.support.DefaultLifecycleProcessor@1ee99d0f]
[job-example]16/07/02 12:29:08.392 DEBUG [main] org.springframework.beans.factory.support.DefaultListableBeanFactory(243) - Returning cached instance of singleton bean 'lifecycleProcessor'
[job-example]16/07/02 12:29:08.393 DEBUG [main] org.springframework.core.env.PropertySourcesPropertyResolver(81) - Searching for key 'spring.liveBeansView.mbeanDomain' in [servletConfigInitParams]
[job-example]16/07/02 12:29:08.394 DEBUG [main] org.springframework.core.env.PropertySourcesPropertyResolver(81) - Searching for key 'spring.liveBeansView.mbeanDomain' in [servletContextInitParams]
[job-example]16/07/02 12:29:08.394 DEBUG [main] org.springframework.core.env.PropertySourcesPropertyResolver(81) - Searching for key 'spring.liveBeansView.mbeanDomain' in [jndiProperties]
[job-example]16/07/02 12:29:08.394 DEBUG [main] org.springframework.jndi.JndiTemplate(150) - Looking up JNDI object with name [java:comp/env/spring.liveBeansView.mbeanDomain]
[job-example]16/07/02 12:29:08.396 DEBUG [main] org.springframework.jndi.JndiLocatorDelegate(101) - Converted JNDI name [java:comp/env/spring.liveBeansView.mbeanDomain] not found - trying original name [spring.liveBeansView.mbeanDomain]. javax.naming.NoInitialContextException: Need to specify class name in environment or system property, or as an applet parameter, or in an application resource file:  java.naming.factory.initial
[job-example]16/07/02 12:29:08.396 DEBUG [main] org.springframework.jndi.JndiTemplate(150) - Looking up JNDI object with name [spring.liveBeansView.mbeanDomain]
[job-example]16/07/02 12:29:08.396 DEBUG [main] org.springframework.jndi.JndiPropertySource(90) - JNDI lookup for name [spring.liveBeansView.mbeanDomain] threw NamingException with message: Need to specify class name in environment or system property, or as an applet parameter, or in an application resource file:  java.naming.factory.initial. Returning null.
[job-example]16/07/02 12:29:08.397 DEBUG [main] org.springframework.core.env.PropertySourcesPropertyResolver(81) - Searching for key 'spring.liveBeansView.mbeanDomain' in [systemProperties]
[job-example]16/07/02 12:29:08.397 DEBUG [main] org.springframework.core.env.PropertySourcesPropertyResolver(81) - Searching for key 'spring.liveBeansView.mbeanDomain' in [systemEnvironment]
[job-example]16/07/02 12:29:08.397 DEBUG [main] org.springframework.core.env.PropertySourcesPropertyResolver(103) - Could not find key 'spring.liveBeansView.mbeanDomain' in any property source. Returning [null]
[job-example]16/07/02 12:29:08.398 DEBUG [main] org.springframework.web.context.ContextLoader(320) - Published root WebApplicationContext as ServletContext attribute with name [org.springframework.web.context.WebApplicationContext.ROOT]
[job-example]16/07/02 12:29:08.398 INFO  [main] org.springframework.web.context.ContextLoader(325) - Root WebApplicationContext: initialization completed in 160 ms
[job-example]16/07/02 12:31:26.705 INFO  [main] org.springframework.web.context.ContextLoader(285) - Root WebApplicationContext: initialization started
[job-example]16/07/02 12:31:26.767 DEBUG [main] org.springframework.web.context.support.StandardServletEnvironment(108) - Adding [servletConfigInitParams] PropertySource with lowest search precedence
[job-example]16/07/02 12:31:26.768 DEBUG [main] org.springframework.web.context.support.StandardServletEnvironment(108) - Adding [servletContextInitParams] PropertySource with lowest search precedence
[job-example]16/07/02 12:31:26.773 DEBUG [main] org.springframework.web.context.support.StandardServletEnvironment(108) - Adding [jndiProperties] PropertySource with lowest search precedence
[job-example]16/07/02 12:31:26.774 DEBUG [main] org.springframework.web.context.support.StandardServletEnvironment(108) - Adding [systemProperties] PropertySource with lowest search precedence
[job-example]16/07/02 12:31:26.778 DEBUG [main] org.springframework.web.context.support.StandardServletEnvironment(108) - Adding [systemEnvironment] PropertySource with lowest search precedence
[job-example]16/07/02 12:31:26.778 DEBUG [main] org.springframework.web.context.support.StandardServletEnvironment(126) - Initialized StandardServletEnvironment with PropertySources [servletConfigInitParams,servletContextInitParams,jndiProperties,systemProperties,systemEnvironment]
[job-example]16/07/02 12:31:26.784 DEBUG [main] org.springframework.web.context.support.StandardServletEnvironment(173) - Replacing [servletContextInitParams] PropertySource with [servletContextInitParams]
[job-example]16/07/02 12:31:26.788 INFO  [main] org.springframework.web.context.support.XmlWebApplicationContext(512) - Refreshing Root WebApplicationContext: startup date [Sat Jul 02 12:31:26 CST 2016]; root of context hierarchy
[job-example]16/07/02 12:31:26.822 DEBUG [main] org.springframework.core.env.StandardEnvironment(108) - Adding [systemProperties] PropertySource with lowest search precedence
[job-example]16/07/02 12:31:26.823 DEBUG [main] org.springframework.core.env.StandardEnvironment(108) - Adding [systemEnvironment] PropertySource with lowest search precedence
[job-example]16/07/02 12:31:26.823 DEBUG [main] org.springframework.core.env.StandardEnvironment(126) - Initialized StandardEnvironment with PropertySources [systemProperties,systemEnvironment]
[job-example]16/07/02 12:31:26.834 DEBUG [main] org.springframework.core.io.support.PathMatchingResourcePatternResolver(553) - Looking for matching resources in directory tree [C:\workspace\job\job-example\target\classes]
[job-example]16/07/02 12:31:26.835 DEBUG [main] org.springframework.core.io.support.PathMatchingResourcePatternResolver(615) - Searching directory [C:\workspace\job\job-example\target\classes] for files matching pattern [C:/workspace/job/job-example/target/classes/applicationContext-*.xml]
[job-example]16/07/02 12:31:26.838 DEBUG [main] org.springframework.core.io.support.PathMatchingResourcePatternResolver(553) - Looking for matching resources in directory tree [C:\workspace\job\job-core\target\classes]
[job-example]16/07/02 12:31:26.839 DEBUG [main] org.springframework.core.io.support.PathMatchingResourcePatternResolver(615) - Searching directory [C:\workspace\job\job-core\target\classes] for files matching pattern [C:/workspace/job/job-core/target/classes/applicationContext-*.xml]
[job-example]16/07/02 12:31:26.840 DEBUG [main] org.springframework.core.io.support.PathMatchingResourcePatternResolver(354) - Resolved location pattern [classpath*:applicationContext-*.xml] to resources []
[job-example]16/07/02 12:31:26.840 DEBUG [main] org.springframework.beans.factory.xml.XmlBeanDefinitionReader(216) - Loaded 0 bean definitions from location pattern [classpath*:applicationContext-*.xml]
[job-example]16/07/02 12:31:26.840 DEBUG [main] org.springframework.core.io.support.PathMatchingResourcePatternResolver(354) - Resolved location pattern [classpath*:service/applicationContext-*.xml] to resources []
[job-example]16/07/02 12:31:26.841 DEBUG [main] org.springframework.beans.factory.xml.XmlBeanDefinitionReader(216) - Loaded 0 bean definitions from location pattern [classpath*:service/applicationContext-*.xml]
[job-example]16/07/02 12:31:26.841 DEBUG [main] org.springframework.web.context.support.XmlWebApplicationContext(542) - Bean factory for Root WebApplicationContext: org.springframework.beans.factory.support.DefaultListableBeanFactory@4dc67b54: defining beans []; root of factory hierarchy
[job-example]16/07/02 12:31:26.858 DEBUG [main] org.springframework.web.context.support.XmlWebApplicationContext(809) - Unable to locate MessageSource with name 'messageSource': using default [org.springframework.context.support.DelegatingMessageSource@66bb1ead]
[job-example]16/07/02 12:31:26.861 DEBUG [main] org.springframework.web.context.support.XmlWebApplicationContext(833) - Unable to locate ApplicationEventMulticaster with name 'applicationEventMulticaster': using default [org.springframework.context.event.SimpleApplicationEventMulticaster@94b318]
[job-example]16/07/02 12:31:26.864 DEBUG [main] org.springframework.ui.context.support.UiApplicationContextUtils(85) - Unable to locate ThemeSource with name 'themeSource': using default [org.springframework.ui.context.support.ResourceBundleThemeSource@3f94a1f]
[job-example]16/07/02 12:31:26.865 INFO  [main] org.springframework.beans.factory.support.DefaultListableBeanFactory(603) - Pre-instantiating singletons in org.springframework.beans.factory.support.DefaultListableBeanFactory@4dc67b54: defining beans []; root of factory hierarchy
[job-example]16/07/02 12:31:26.867 DEBUG [main] org.springframework.web.context.support.XmlWebApplicationContext(860) - Unable to locate LifecycleProcessor with name 'lifecycleProcessor': using default [org.springframework.context.support.DefaultLifecycleProcessor@26a0c73f]
[job-example]16/07/02 12:31:26.868 DEBUG [main] org.springframework.beans.factory.support.DefaultListableBeanFactory(243) - Returning cached instance of singleton bean 'lifecycleProcessor'
[job-example]16/07/02 12:31:26.869 DEBUG [main] org.springframework.core.env.PropertySourcesPropertyResolver(81) - Searching for key 'spring.liveBeansView.mbeanDomain' in [servletConfigInitParams]
[job-example]16/07/02 12:31:26.870 DEBUG [main] org.springframework.core.env.PropertySourcesPropertyResolver(81) - Searching for key 'spring.liveBeansView.mbeanDomain' in [servletContextInitParams]
[job-example]16/07/02 12:31:26.870 DEBUG [main] org.springframework.core.env.PropertySourcesPropertyResolver(81) - Searching for key 'spring.liveBeansView.mbeanDomain' in [jndiProperties]
[job-example]16/07/02 12:31:26.871 DEBUG [main] org.springframework.jndi.JndiTemplate(150) - Looking up JNDI object with name [java:comp/env/spring.liveBeansView.mbeanDomain]
[job-example]16/07/02 12:31:26.872 DEBUG [main] org.springframework.jndi.JndiLocatorDelegate(101) - Converted JNDI name [java:comp/env/spring.liveBeansView.mbeanDomain] not found - trying original name [spring.liveBeansView.mbeanDomain]. javax.naming.NoInitialContextException: Need to specify class name in environment or system property, or as an applet parameter, or in an application resource file:  java.naming.factory.initial
[job-example]16/07/02 12:31:26.872 DEBUG [main] org.springframework.jndi.JndiTemplate(150) - Looking up JNDI object with name [spring.liveBeansView.mbeanDomain]
[job-example]16/07/02 12:31:26.873 DEBUG [main] org.springframework.jndi.JndiPropertySource(90) - JNDI lookup for name [spring.liveBeansView.mbeanDomain] threw NamingException with message: Need to specify class name in environment or system property, or as an applet parameter, or in an application resource file:  java.naming.factory.initial. Returning null.
[job-example]16/07/02 12:31:26.873 DEBUG [main] org.springframework.core.env.PropertySourcesPropertyResolver(81) - Searching for key 'spring.liveBeansView.mbeanDomain' in [systemProperties]
[job-example]16/07/02 12:31:26.874 DEBUG [main] org.springframework.core.env.PropertySourcesPropertyResolver(81) - Searching for key 'spring.liveBeansView.mbeanDomain' in [systemEnvironment]
[job-example]16/07/02 12:31:26.874 DEBUG [main] org.springframework.core.env.PropertySourcesPropertyResolver(103) - Could not find key 'spring.liveBeansView.mbeanDomain' in any property source. Returning [null]
[job-example]16/07/02 12:31:26.875 DEBUG [main] org.springframework.web.context.ContextLoader(320) - Published root WebApplicationContext as ServletContext attribute with name [org.springframework.web.context.WebApplicationContext.ROOT]
[job-example]16/07/02 12:31:26.875 INFO  [main] org.springframework.web.context.ContextLoader(325) - Root WebApplicationContext: initialization completed in 168 ms
[job-example]16/07/02 12:39:41.757 INFO  [main] org.springframework.web.context.ContextLoader(285) - Root WebApplicationContext: initialization started
[job-example]16/07/02 12:39:41.854 INFO  [main] org.springframework.web.context.support.XmlWebApplicationContext(512) - Refreshing Root WebApplicationContext: startup date [Sat Jul 02 12:39:41 CST 2016]; root of context hierarchy
[job-example]16/07/02 12:39:41.939 INFO  [main] org.springframework.beans.factory.support.DefaultListableBeanFactory(603) - Pre-instantiating singletons in org.springframework.beans.factory.support.DefaultListableBeanFactory@5349249e: defining beans []; root of factory hierarchy
[job-example]16/07/02 12:39:41.945 INFO  [main] org.springframework.web.context.ContextLoader(325) - Root WebApplicationContext: initialization completed in 186 ms
